[0m13:02:57.362790 [debug] [MainThread]: Sending event: {'category': 'dbt', 'action': 'invocation', 'label': 'start', 'context': [<snowplow_tracker.self_describing_json.SelfDescribingJson object at 0x000001F73EBF8290>, <snowplow_tracker.self_describing_json.SelfDescribingJson object at 0x000001F73EBF8320>, <snowplow_tracker.self_describing_json.SelfDescribingJson object at 0x000001F73EBF8200>]}


============================== 13:02:57.378448 | c9934d4d-54da-46ec-99ba-e349aaa2a47e ==============================
[0m13:02:57.378448 [info ] [MainThread]: Running with dbt=1.7.11
[0m13:02:57.378448 [debug] [MainThread]: running dbt with arguments {'printer_width': '80', 'indirect_selection': 'eager', 'log_cache_events': 'False', 'write_json': 'True', 'partial_parse': 'True', 'cache_selected_only': 'False', 'profiles_dir': 'C:\\Users\\user\\.dbt', 'fail_fast': 'False', 'version_check': 'True', 'log_path': 'logs', 'warn_error': 'None', 'debug': 'False', 'use_colors': 'True', 'use_experimental_parser': 'False', 'no_print': 'None', 'quiet': 'False', 'warn_error_options': 'WarnErrorOptions(include=[], exclude=[])', 'static_parser': 'True', 'introspect': 'True', 'invocation_command': 'dbt debug', 'target_path': 'None', 'log_format': 'default', 'send_anonymous_usage_stats': 'True'}
[0m13:02:57.506189 [info ] [MainThread]: dbt version: 1.7.11
[0m13:02:57.506189 [info ] [MainThread]: python version: 3.12.0
[0m13:02:57.506189 [info ] [MainThread]: python path: C:\Users\user\AppData\Local\Programs\Python\Python312\python.exe
[0m13:02:57.506189 [info ] [MainThread]: os info: Windows-10-10.0.19045-SP0
[0m13:02:57.657445 [info ] [MainThread]: Using profiles dir at C:\Users\user\.dbt
[0m13:02:57.657445 [info ] [MainThread]: Using profiles.yml file at C:\Users\user\.dbt\profiles.yml
[0m13:02:57.657445 [info ] [MainThread]: Using dbt_project.yml file at C:\Users\user\Documents\Northwind_transformed\Northwind_raw\dbt_project.yml
[0m13:02:57.657445 [info ] [MainThread]: adapter type: postgres
[0m13:02:57.674283 [info ] [MainThread]: adapter version: 1.7.11
[0m13:02:57.676655 [info ] [MainThread]: Configuration:
[0m13:02:57.678660 [info ] [MainThread]:   profiles.yml file [[32mOK found and valid[0m]
[0m13:02:57.680657 [info ] [MainThread]:   dbt_project.yml file [[31mERROR not found[0m]
[0m13:02:57.682360 [info ] [MainThread]: Required dependencies:
[0m13:02:57.682360 [debug] [MainThread]: Executing "git --help"
[0m13:02:57.844943 [debug] [MainThread]: STDOUT: "b"usage: git [-v | --version] [-h | --help] [-C <path>] [-c <name>=<value>]\n           [--exec-path[=<path>]] [--html-path] [--man-path] [--info-path]\n           [-p | --paginate | -P | --no-pager] [--no-replace-objects] [--bare]\n           [--git-dir=<path>] [--work-tree=<path>] [--namespace=<name>]\n           [--config-env=<name>=<envvar>] <command> [<args>]\n\nThese are common Git commands used in various situations:\n\nstart a working area (see also: git help tutorial)\n   clone     Clone a repository into a new directory\n   init      Create an empty Git repository or reinitialize an existing one\n\nwork on the current change (see also: git help everyday)\n   add       Add file contents to the index\n   mv        Move or rename a file, a directory, or a symlink\n   restore   Restore working tree files\n   rm        Remove files from the working tree and from the index\n\nexamine the history and state (see also: git help revisions)\n   bisect    Use binary search to find the commit that introduced a bug\n   diff      Show changes between commits, commit and working tree, etc\n   grep      Print lines matching a pattern\n   log       Show commit logs\n   show      Show various types of objects\n   status    Show the working tree status\n\ngrow, mark and tweak your common history\n   branch    List, create, or delete branches\n   commit    Record changes to the repository\n   merge     Join two or more development histories together\n   rebase    Reapply commits on top of another base tip\n   reset     Reset current HEAD to the specified state\n   switch    Switch branches\n   tag       Create, list, delete or verify a tag object signed with GPG\n\ncollaborate (see also: git help workflows)\n   fetch     Download objects and refs from another repository\n   pull      Fetch from and integrate with another repository or a local branch\n   push      Update remote refs along with associated objects\n\n'git help -a' and 'git help -g' list available subcommands and some\nconcept guides. See 'git help <command>' or 'git help <concept>'\nto read about a specific subcommand or concept.\nSee 'git help git' for an overview of the system.\n""
[0m13:02:57.846945 [debug] [MainThread]: STDERR: "b''"
[0m13:02:57.848807 [info ] [MainThread]:  - git [[32mOK found[0m]

[0m13:02:57.851804 [info ] [MainThread]: Connection:
[0m13:02:57.853813 [info ] [MainThread]:   host: localhost
[0m13:02:57.855806 [info ] [MainThread]:   port: 5432
[0m13:02:57.857808 [info ] [MainThread]:   user: postgres
[0m13:02:57.862223 [info ] [MainThread]:   database: Northwind_raw
[0m13:02:57.864213 [info ] [MainThread]:   schema: public
[0m13:02:57.866213 [info ] [MainThread]:   connect_timeout: 10
[0m13:02:57.868215 [info ] [MainThread]:   role: None
[0m13:02:57.869216 [info ] [MainThread]:   search_path: None
[0m13:02:57.871214 [info ] [MainThread]:   keepalives_idle: 0
[0m13:02:57.873213 [info ] [MainThread]:   sslmode: None
[0m13:02:57.874240 [info ] [MainThread]:   sslcert: None
[0m13:02:57.876597 [info ] [MainThread]:   sslkey: None
[0m13:02:57.878596 [info ] [MainThread]:   sslrootcert: None
[0m13:02:57.879600 [info ] [MainThread]:   application_name: dbt
[0m13:02:57.881597 [info ] [MainThread]:   retries: 1
[0m13:02:57.883596 [info ] [MainThread]: Registered adapter: postgres=1.7.11
[0m13:02:57.885601 [debug] [MainThread]: Acquiring new postgres connection 'debug'
[0m13:02:57.887595 [debug] [MainThread]: Using postgres connection "debug"
[0m13:02:57.888632 [debug] [MainThread]: On debug: select 1 as id
[0m13:02:57.889633 [debug] [MainThread]: Opening a new connection, currently in state init
[0m13:02:58.070153 [debug] [MainThread]: SQL status: SELECT 1 in 0.0 seconds
[0m13:02:58.073156 [debug] [MainThread]: On debug: Close
[0m13:02:58.075148 [info ] [MainThread]:   Connection test: [[32mOK connection ok[0m]

[0m13:02:58.076203 [info ] [MainThread]: [31m1 check failed:[0m
[0m13:02:58.076203 [info ] [MainThread]: Project loading failed for the following reason:
 project path <C:\Users\user\Documents\Northwind_transformed\Northwind_raw\dbt_project.yml> not found

[0m13:02:58.076203 [debug] [MainThread]: Command `dbt debug` failed at 13:02:58.076203 after 0.90 seconds
[0m13:02:58.076203 [debug] [MainThread]: Connection 'debug' was properly closed.
[0m13:02:58.076203 [debug] [MainThread]: Sending event: {'category': 'dbt', 'action': 'invocation', 'label': 'end', 'context': [<snowplow_tracker.self_describing_json.SelfDescribingJson object at 0x000001F73E93FD70>, <snowplow_tracker.self_describing_json.SelfDescribingJson object at 0x000001F73EAFF4D0>, <snowplow_tracker.self_describing_json.SelfDescribingJson object at 0x000001F73BFD1BB0>]}
[0m13:02:58.076203 [debug] [MainThread]: Flushing usage events
[0m13:03:21.228844 [debug] [MainThread]: Sending event: {'category': 'dbt', 'action': 'invocation', 'label': 'start', 'context': [<snowplow_tracker.self_describing_json.SelfDescribingJson object at 0x000002B3481F77D0>, <snowplow_tracker.self_describing_json.SelfDescribingJson object at 0x000002B34E484E00>, <snowplow_tracker.self_describing_json.SelfDescribingJson object at 0x000002B34E487620>]}


============================== 13:03:21.228844 | 28bd6f2d-b242-47e8-b379-e7c3436693a0 ==============================
[0m13:03:21.228844 [info ] [MainThread]: Running with dbt=1.7.11
[0m13:03:21.228844 [debug] [MainThread]: running dbt with arguments {'printer_width': '80', 'indirect_selection': 'eager', 'log_cache_events': 'False', 'write_json': 'True', 'partial_parse': 'True', 'cache_selected_only': 'False', 'profiles_dir': 'C:\\Users\\user\\.dbt', 'fail_fast': 'False', 'debug': 'False', 'log_path': 'logs', 'warn_error': 'None', 'version_check': 'True', 'use_colors': 'True', 'use_experimental_parser': 'False', 'no_print': 'None', 'quiet': 'False', 'warn_error_options': 'WarnErrorOptions(include=[], exclude=[])', 'invocation_command': 'dbt debug', 'introspect': 'True', 'static_parser': 'True', 'target_path': 'None', 'log_format': 'default', 'send_anonymous_usage_stats': 'True'}
[0m13:03:21.228844 [info ] [MainThread]: dbt version: 1.7.11
[0m13:03:21.228844 [info ] [MainThread]: python version: 3.12.0
[0m13:03:21.244465 [info ] [MainThread]: python path: C:\Users\user\AppData\Local\Programs\Python\Python312\python.exe
[0m13:03:21.247080 [info ] [MainThread]: os info: Windows-10-10.0.19045-SP0
[0m13:03:21.428628 [info ] [MainThread]: Using profiles dir at C:\Users\user\.dbt
[0m13:03:21.428628 [info ] [MainThread]: Using profiles.yml file at C:\Users\user\.dbt\profiles.yml
[0m13:03:21.428628 [info ] [MainThread]: Using dbt_project.yml file at C:\Users\user\Documents\Northwind_transformed\Northwind_raw\dbt_project.yml
[0m13:03:21.428628 [info ] [MainThread]: adapter type: postgres
[0m13:03:21.428628 [info ] [MainThread]: adapter version: 1.7.11
[0m13:03:21.443580 [info ] [MainThread]: Configuration:
[0m13:03:21.445581 [info ] [MainThread]:   profiles.yml file [[32mOK found and valid[0m]
[0m13:03:21.448911 [info ] [MainThread]:   dbt_project.yml file [[31mERROR not found[0m]
[0m13:03:21.449912 [info ] [MainThread]: Required dependencies:
[0m13:03:21.451254 [debug] [MainThread]: Executing "git --help"
[0m13:03:21.514236 [debug] [MainThread]: STDOUT: "b"usage: git [-v | --version] [-h | --help] [-C <path>] [-c <name>=<value>]\n           [--exec-path[=<path>]] [--html-path] [--man-path] [--info-path]\n           [-p | --paginate | -P | --no-pager] [--no-replace-objects] [--bare]\n           [--git-dir=<path>] [--work-tree=<path>] [--namespace=<name>]\n           [--config-env=<name>=<envvar>] <command> [<args>]\n\nThese are common Git commands used in various situations:\n\nstart a working area (see also: git help tutorial)\n   clone     Clone a repository into a new directory\n   init      Create an empty Git repository or reinitialize an existing one\n\nwork on the current change (see also: git help everyday)\n   add       Add file contents to the index\n   mv        Move or rename a file, a directory, or a symlink\n   restore   Restore working tree files\n   rm        Remove files from the working tree and from the index\n\nexamine the history and state (see also: git help revisions)\n   bisect    Use binary search to find the commit that introduced a bug\n   diff      Show changes between commits, commit and working tree, etc\n   grep      Print lines matching a pattern\n   log       Show commit logs\n   show      Show various types of objects\n   status    Show the working tree status\n\ngrow, mark and tweak your common history\n   branch    List, create, or delete branches\n   commit    Record changes to the repository\n   merge     Join two or more development histories together\n   rebase    Reapply commits on top of another base tip\n   reset     Reset current HEAD to the specified state\n   switch    Switch branches\n   tag       Create, list, delete or verify a tag object signed with GPG\n\ncollaborate (see also: git help workflows)\n   fetch     Download objects and refs from another repository\n   pull      Fetch from and integrate with another repository or a local branch\n   push      Update remote refs along with associated objects\n\n'git help -a' and 'git help -g' list available subcommands and some\nconcept guides. See 'git help <command>' or 'git help <concept>'\nto read about a specific subcommand or concept.\nSee 'git help git' for an overview of the system.\n""
[0m13:03:21.514236 [debug] [MainThread]: STDERR: "b''"
[0m13:03:21.514236 [info ] [MainThread]:  - git [[32mOK found[0m]

[0m13:03:21.514236 [info ] [MainThread]: Connection:
[0m13:03:21.531352 [info ] [MainThread]:   host: localhost
[0m13:03:21.534202 [info ] [MainThread]:   port: 5432
[0m13:03:21.536200 [info ] [MainThread]:   user: postgres
[0m13:03:21.537199 [info ] [MainThread]:   database: Northwind_raw
[0m13:03:21.539307 [info ] [MainThread]:   schema: public
[0m13:03:21.539307 [info ] [MainThread]:   connect_timeout: 10
[0m13:03:21.539307 [info ] [MainThread]:   role: None
[0m13:03:21.539307 [info ] [MainThread]:   search_path: None
[0m13:03:21.546529 [info ] [MainThread]:   keepalives_idle: 0
[0m13:03:21.548530 [info ] [MainThread]:   sslmode: None
[0m13:03:21.550530 [info ] [MainThread]:   sslcert: None
[0m13:03:21.552533 [info ] [MainThread]:   sslkey: None
[0m13:03:21.554530 [info ] [MainThread]:   sslrootcert: None
[0m13:03:21.562250 [info ] [MainThread]:   application_name: dbt
[0m13:03:21.566258 [info ] [MainThread]:   retries: 1
[0m13:03:21.568257 [info ] [MainThread]: Registered adapter: postgres=1.7.11
[0m13:03:21.570253 [debug] [MainThread]: Acquiring new postgres connection 'debug'
[0m13:03:21.571252 [debug] [MainThread]: Using postgres connection "debug"
[0m13:03:21.573250 [debug] [MainThread]: On debug: select 1 as id
[0m13:03:21.575454 [debug] [MainThread]: Opening a new connection, currently in state init
[0m13:03:21.666671 [debug] [MainThread]: SQL status: SELECT 1 in 0.0 seconds
[0m13:03:21.668658 [debug] [MainThread]: On debug: Close
[0m13:03:21.669657 [info ] [MainThread]:   Connection test: [[32mOK connection ok[0m]

[0m13:03:21.671658 [info ] [MainThread]: [31m1 check failed:[0m
[0m13:03:21.673657 [info ] [MainThread]: Project loading failed for the following reason:
 project path <C:\Users\user\Documents\Northwind_transformed\Northwind_raw\dbt_project.yml> not found

[0m13:03:21.677607 [debug] [MainThread]: Command `dbt debug` failed at 13:03:21.677607 after 0.62 seconds
[0m13:03:21.678602 [debug] [MainThread]: Connection 'debug' was properly closed.
[0m13:03:21.680140 [debug] [MainThread]: Sending event: {'category': 'dbt', 'action': 'invocation', 'label': 'end', 'context': [<snowplow_tracker.self_describing_json.SelfDescribingJson object at 0x000002B34E263050>, <snowplow_tracker.self_describing_json.SelfDescribingJson object at 0x000002B34E2D22A0>, <snowplow_tracker.self_describing_json.SelfDescribingJson object at 0x000002B34E2D1160>]}
[0m13:03:21.681153 [debug] [MainThread]: Flushing usage events
